<?xml version="1.0" encoding="UTF-8"?>
<testng-results skipped="0" failed="1" ignored="2" total="5" passed="2">
  <reporter-output>
  </reporter-output>
  <suite name="Suite" duration-ms="73648" started-at="2022-09-18T23:48:02 IST" finished-at="2022-09-18T23:49:15 IST">
    <groups>
    </groups>
    <test name="Test Automation for Dart" duration-ms="73648" started-at="2022-09-18T23:48:02 IST" finished-at="2022-09-18T23:49:15 IST">
      <class name="test.java.dart.LoginTest">
        <test-method status="PASS" signature="beforeTestMethod()[pri:0, instance:test.java.dart.LoginTest@73d4cc9e]" name="beforeTestMethod" is-config="true" duration-ms="203" started-at="2022-09-18T23:48:02 IST" finished-at="2022-09-18T23:48:02 IST">
          <reporter-output>
          </reporter-output>
        </test-method> <!-- beforeTestMethod -->
        <test-method status="PASS" signature="beforeMethodMethod(java.lang.String,java.lang.String,java.lang.reflect.Method)[pri:0, instance:test.java.dart.LoginTest@73d4cc9e]" name="beforeMethodMethod" is-config="true" duration-ms="14361" started-at="2022-09-18T23:48:02 IST" finished-at="2022-09-18T23:48:16 IST">
          <params>
            <param index="0">
              <value>
                <![CDATA[chrome]]>
              </value>
            </param>
            <param index="1">
              <value>
                <![CDATA[dart]]>
              </value>
            </param>
            <param index="2">
              <value>
                <![CDATA[public void test.java.dart.LoginTest.LoginMethodDart() throws java.lang.InterruptedException,java.io.IOException]]>
              </value>
            </param>
          </params>
          <reporter-output>
          </reporter-output>
        </test-method> <!-- beforeMethodMethod -->
        <test-method status="PASS" signature="LoginMethodDart()[pri:0, instance:test.java.dart.LoginTest@73d4cc9e]" name="LoginMethodDart" duration-ms="6433" started-at="2022-09-18T23:48:16 IST" finished-at="2022-09-18T23:48:23 IST">
          <reporter-output>
          </reporter-output>
        </test-method> <!-- LoginMethodDart -->
        <test-method status="PASS" signature="afterMethodMethod(org.testng.ITestResult)[pri:0, instance:test.java.dart.LoginTest@73d4cc9e]" name="afterMethodMethod" is-config="true" duration-ms="150" started-at="2022-09-18T23:48:24 IST" finished-at="2022-09-18T23:48:24 IST">
          <params>
            <param index="0">
              <value>
                <![CDATA[[TestResult name=LoginMethodDart status=SUCCESS method=LoginTest.LoginMethodDart()[pri:0, instance:test.java.dart.LoginTest@73d4cc9e] output={null}]]]>
              </value>
            </param>
          </params>
          <reporter-output>
          </reporter-output>
        </test-method> <!-- afterMethodMethod -->
        <test-method status="PASS" signature="afterTestMethod()[pri:0, instance:test.java.dart.LoginTest@73d4cc9e]" name="afterTestMethod" is-config="true" duration-ms="287" started-at="2022-09-18T23:49:15 IST" finished-at="2022-09-18T23:49:15 IST">
          <reporter-output>
          </reporter-output>
        </test-method> <!-- afterTestMethod -->
      </class> <!-- test.java.dart.LoginTest -->
      <class name="test.java.dart.AddNewUserTest">
        <test-method status="PASS" signature="beforeMethodMethod(java.lang.String,java.lang.String,java.lang.reflect.Method)[pri:0, instance:test.java.dart.AddNewUserTest@44f75083]" name="beforeMethodMethod" is-config="true" duration-ms="12911" started-at="2022-09-18T23:48:25 IST" finished-at="2022-09-18T23:48:38 IST">
          <params>
            <param index="0">
              <value>
                <![CDATA[chrome]]>
              </value>
            </param>
            <param index="1">
              <value>
                <![CDATA[dart]]>
              </value>
            </param>
            <param index="2">
              <value>
                <![CDATA[public void test.java.dart.AddNewUserTest.AddNewUserMethod(java.lang.String,java.lang.String,java.lang.String,java.lang.String) throws java.lang.InterruptedException,java.io.IOException]]>
              </value>
            </param>
          </params>
          <reporter-output>
          </reporter-output>
        </test-method> <!-- beforeMethodMethod -->
        <test-method status="FAIL" signature="AddNewUserMethod(java.lang.String,java.lang.String,java.lang.String,java.lang.String)[pri:0, instance:test.java.dart.AddNewUserTest@44f75083]" name="AddNewUserMethod" duration-ms="16430" started-at="2022-09-18T23:48:38 IST" data-provider="endUserData" finished-at="2022-09-18T23:48:54 IST">
          <params>
            <param index="0">
              <value>
                <![CDATA[]]>
              </value>
            </param>
            <param index="1">
              <value>
                <![CDATA[sethiya]]>
              </value>
            </param>
            <param index="2">
              <value>
                <![CDATA[8008008014]]>
              </value>
            </param>
            <param index="3">
              <value>
                <![CDATA[sethiya.dinesh@mailinator.com]]>
              </value>
            </param>
          </params>
          <exception class="org.openqa.selenium.NoSuchElementException">
            <message>
              <![CDATA[no such element: Unable to locate element: {"method":"xpath","selector":"/html/body/app-root/app-post-auth/app-post-auth-menu/div/div[2]/div[6]/app-menu-item/div/div"}
  (Session info: chrome=105.0.5195.125)
For documentation on this error, please visit: https://www.seleniumhq.org/exceptions/no_such_element.html
Build info: version: '3.141.59', revision: 'e82be7d358', time: '2018-11-14T08:17:03'
System info: host: 'Apples-MacBook-Pro-2.local', ip: 'fe80:0:0:0:18b0:5e49:a63f:8e0%en0', os.name: 'Mac OS X', os.arch: 'x86_64', os.version: '10.16', java.version: '1.8.0_202'
Driver info: org.openqa.selenium.chrome.ChromeDriver
Capabilities {acceptInsecureCerts: false, browserName: chrome, browserVersion: 105.0.5195.125, chrome: {chromedriverVersion: 105.0.5195.52 (412c95e51883..., userDataDir: /var/folders/ry/9swq70b55_9...}, goog:chromeOptions: {debuggerAddress: localhost:64411}, javascriptEnabled: true, networkConnectionEnabled: false, pageLoadStrategy: normal, platform: MAC, platformName: MAC, proxy: Proxy(), setWindowRect: true, strictFileInteractability: false, timeouts: {implicit: 0, pageLoad: 300000, script: 30000}, unhandledPromptBehavior: dismiss and notify, webauthn:extension:credBlob: true, webauthn:extension:largeBlob: true, webauthn:virtualAuthenticators: true}
Session ID: 33af4695ec0e0dc4c9fadc834253a876
*** Element info: {Using=xpath, value=/html/body/app-root/app-post-auth/app-post-auth-menu/div/div[2]/div[6]/app-menu-item/div/div}]]>
            </message>
            <full-stacktrace>
              <![CDATA[org.openqa.selenium.NoSuchElementException: no such element: Unable to locate element: {"method":"xpath","selector":"/html/body/app-root/app-post-auth/app-post-auth-menu/div/div[2]/div[6]/app-menu-item/div/div"}
  (Session info: chrome=105.0.5195.125)
For documentation on this error, please visit: https://www.seleniumhq.org/exceptions/no_such_element.html
Build info: version: '3.141.59', revision: 'e82be7d358', time: '2018-11-14T08:17:03'
System info: host: 'Apples-MacBook-Pro-2.local', ip: 'fe80:0:0:0:18b0:5e49:a63f:8e0%en0', os.name: 'Mac OS X', os.arch: 'x86_64', os.version: '10.16', java.version: '1.8.0_202'
Driver info: org.openqa.selenium.chrome.ChromeDriver
Capabilities {acceptInsecureCerts: false, browserName: chrome, browserVersion: 105.0.5195.125, chrome: {chromedriverVersion: 105.0.5195.52 (412c95e51883..., userDataDir: /var/folders/ry/9swq70b55_9...}, goog:chromeOptions: {debuggerAddress: localhost:64411}, javascriptEnabled: true, networkConnectionEnabled: false, pageLoadStrategy: normal, platform: MAC, platformName: MAC, proxy: Proxy(), setWindowRect: true, strictFileInteractability: false, timeouts: {implicit: 0, pageLoad: 300000, script: 30000}, unhandledPromptBehavior: dismiss and notify, webauthn:extension:credBlob: true, webauthn:extension:largeBlob: true, webauthn:virtualAuthenticators: true}
Session ID: 33af4695ec0e0dc4c9fadc834253a876
*** Element info: {Using=xpath, value=/html/body/app-root/app-post-auth/app-post-auth-menu/div/div[2]/div[6]/app-menu-item/div/div}
at sun.reflect.NativeConstructorAccessorImpl.newInstance0(Native Method)
at sun.reflect.NativeConstructorAccessorImpl.newInstance(NativeConstructorAccessorImpl.java:62)
at sun.reflect.DelegatingConstructorAccessorImpl.newInstance(DelegatingConstructorAccessorImpl.java:45)
at java.lang.reflect.Constructor.newInstance(Constructor.java:423)
at org.openqa.selenium.remote.http.W3CHttpResponseCodec.createException(W3CHttpResponseCodec.java:187)
at org.openqa.selenium.remote.http.W3CHttpResponseCodec.decode(W3CHttpResponseCodec.java:122)
at org.openqa.selenium.remote.http.W3CHttpResponseCodec.decode(W3CHttpResponseCodec.java:49)
at org.openqa.selenium.remote.HttpCommandExecutor.execute(HttpCommandExecutor.java:158)
at org.openqa.selenium.remote.service.DriverCommandExecutor.execute(DriverCommandExecutor.java:83)
at org.openqa.selenium.remote.RemoteWebDriver.execute(RemoteWebDriver.java:552)
at org.openqa.selenium.remote.RemoteWebDriver.findElement(RemoteWebDriver.java:323)
at org.openqa.selenium.remote.RemoteWebDriver.findElementByXPath(RemoteWebDriver.java:428)
at org.openqa.selenium.By$ByXPath.findElement(By.java:353)
at org.openqa.selenium.remote.RemoteWebDriver.findElement(RemoteWebDriver.java:315)
at org.openqa.selenium.support.pagefactory.DefaultElementLocator.findElement(DefaultElementLocator.java:69)
at org.openqa.selenium.support.pagefactory.internal.LocatingElementHandler.invoke(LocatingElementHandler.java:38)
at com.sun.proxy.$Proxy18.click(Unknown Source)
at main.java.dart.pageEvents.SideBarEvents.goToEndUser(SideBarEvents.java:16)
at test.java.dart.AddNewUserTest.AddNewUserMethod(AddNewUserTest.java:22)
at sun.reflect.NativeMethodAccessorImpl.invoke0(Native Method)
at sun.reflect.NativeMethodAccessorImpl.invoke(NativeMethodAccessorImpl.java:62)
at sun.reflect.DelegatingMethodAccessorImpl.invoke(DelegatingMethodAccessorImpl.java:43)
at java.lang.reflect.Method.invoke(Method.java:498)
at org.testng.internal.invokers.MethodInvocationHelper.invokeMethod(MethodInvocationHelper.java:135)
at org.testng.internal.invokers.TestInvoker.invokeMethod(TestInvoker.java:673)
at org.testng.internal.invokers.TestInvoker.invokeTestMethod(TestInvoker.java:220)
at org.testng.internal.invokers.MethodRunner.runInSequence(MethodRunner.java:50)
at org.testng.internal.invokers.TestInvoker$MethodInvocationAgent.invoke(TestInvoker.java:945)
at org.testng.internal.invokers.TestInvoker.invokeTestMethods(TestInvoker.java:193)
at org.testng.internal.invokers.TestMethodWorker.invokeTestMethods(TestMethodWorker.java:146)
at org.testng.internal.invokers.TestMethodWorker.run(TestMethodWorker.java:128)
at java.util.ArrayList.forEach(ArrayList.java:1257)
at org.testng.TestRunner.privateRun(TestRunner.java:808)
at org.testng.TestRunner.run(TestRunner.java:603)
at org.testng.SuiteRunner.runTest(SuiteRunner.java:429)
at org.testng.SuiteRunner.runSequentially(SuiteRunner.java:423)
at org.testng.SuiteRunner.privateRun(SuiteRunner.java:383)
at org.testng.SuiteRunner.run(SuiteRunner.java:326)
at org.testng.SuiteRunnerWorker.runSuite(SuiteRunnerWorker.java:52)
at org.testng.SuiteRunnerWorker.run(SuiteRunnerWorker.java:95)
at org.testng.TestNG.runSuitesSequentially(TestNG.java:1249)
at org.testng.TestNG.runSuitesLocally(TestNG.java:1169)
at org.testng.TestNG.runSuites(TestNG.java:1092)
at org.testng.TestNG.run(TestNG.java:1060)
at org.apache.maven.surefire.testng.TestNGExecutor.run(TestNGExecutor.java:324)
at org.apache.maven.surefire.testng.TestNGXmlTestSuite.execute(TestNGXmlTestSuite.java:74)
at org.apache.maven.surefire.testng.TestNGProvider.invoke(TestNGProvider.java:123)
at org.apache.maven.surefire.booter.ForkedBooter.runSuitesInProcess(ForkedBooter.java:456)
at org.apache.maven.surefire.booter.ForkedBooter.execute(ForkedBooter.java:169)
at org.apache.maven.surefire.booter.ForkedBooter.run(ForkedBooter.java:595)
at org.apache.maven.surefire.booter.ForkedBooter.main(ForkedBooter.java:581)
]]>
            </full-stacktrace>
          </exception> <!-- org.openqa.selenium.NoSuchElementException -->
          <reporter-output>
          </reporter-output>
        </test-method> <!-- AddNewUserMethod -->
        <test-method status="PASS" signature="afterMethodMethod(org.testng.ITestResult)[pri:0, instance:test.java.dart.AddNewUserTest@44f75083]" name="afterMethodMethod" is-config="true" duration-ms="157" started-at="2022-09-18T23:48:55 IST" finished-at="2022-09-18T23:48:55 IST">
          <params>
            <param index="0">
              <value>
                <![CDATA[[TestResult name=AddNewUserMethod status=FAILURE method=AddNewUserTest.AddNewUserMethod(java.lang.String,java.lang.String,java.lang.String,java.lang.String)[pri:0, instance:test.java.dart.AddNewUserTest@44f75083] output={null}]]]>
              </value>
            </param>
          </params>
          <reporter-output>
          </reporter-output>
        </test-method> <!-- afterMethodMethod -->
        <test-method status="PASS" signature="beforeMethodMethod(java.lang.String,java.lang.String,java.lang.reflect.Method)[pri:0, instance:test.java.dart.AddNewUserTest@44f75083]" name="beforeMethodMethod" is-config="true" duration-ms="12262" started-at="2022-09-18T23:48:55 IST" finished-at="2022-09-18T23:49:08 IST">
          <params>
            <param index="0">
              <value>
                <![CDATA[chrome]]>
              </value>
            </param>
            <param index="1">
              <value>
                <![CDATA[dart]]>
              </value>
            </param>
            <param index="2">
              <value>
                <![CDATA[public void test.java.dart.LoginTest.LoginMethodDart() throws java.lang.InterruptedException,java.io.IOException]]>
              </value>
            </param>
          </params>
          <reporter-output>
          </reporter-output>
        </test-method> <!-- beforeMethodMethod -->
        <test-method status="PASS" signature="LoginMethodDart()[pri:0, instance:test.java.dart.AddNewUserTest@44f75083]" name="LoginMethodDart" duration-ms="6356" started-at="2022-09-18T23:49:08 IST" finished-at="2022-09-18T23:49:14 IST">
          <reporter-output>
          </reporter-output>
        </test-method> <!-- LoginMethodDart -->
        <test-method status="PASS" signature="afterMethodMethod(org.testng.ITestResult)[pri:0, instance:test.java.dart.AddNewUserTest@44f75083]" name="afterMethodMethod" is-config="true" duration-ms="139" started-at="2022-09-18T23:49:15 IST" finished-at="2022-09-18T23:49:15 IST">
          <params>
            <param index="0">
              <value>
                <![CDATA[[TestResult name=LoginMethodDart status=SUCCESS method=LoginTest.LoginMethodDart()[pri:0, instance:test.java.dart.AddNewUserTest@44f75083] output={null}]]]>
              </value>
            </param>
          </params>
          <reporter-output>
          </reporter-output>
        </test-method> <!-- afterMethodMethod -->
      </class> <!-- test.java.dart.AddNewUserTest -->
    </test> <!-- Test Automation for Dart -->
  </suite> <!-- Suite -->
</testng-results>
